Arguments: 
  C:\Program Files\nodejs\node.exe C:\Users\Pinto\AppData\Roaming\npm\node_modules\yarn\bin\yarn.js start

PATH: 
  C:\Users\Pinto\bin;C:\Program Files (x86)\Git\mingw64\bin;C:\Program Files (x86)\Git\usr\local\bin;C:\Program Files (x86)\Git\usr\bin;C:\Program Files (x86)\Git\usr\bin;C:\Program Files (x86)\Git\mingw64\bin;C:\Program Files (x86)\Git\usr\bin;C:\Users\Pinto\bin;C:\Program Files (x86)\Common Files\Oracle\Java\javapath;C:\ProgramData\Oracle\Java\javapath;C:\Program Files\Common Files\Microsoft Shared\Windows Live;C:\Program Files (x86)\Common Files\Microsoft Shared\Windows Live;C:\Windows\system32;C:\Windows;C:\Windows\System32\Wbem;C:\Windows\System32\WindowsPowerShell\v1.0;C:\Program Files (x86)\Java\jre6\bin;C:\Program Files (x86)\Windows Live\Shared;C:\Program Files\Microsoft\Web Platform Installer;C:\Program Files (x86)\Microsoft ASP.NET\ASP.NET Web Pages\v1.0;C:\Program Files\Microsoft SQL Server\110\Tools\Binn;C:\Program Files (x86)\CMake\bin;C:\MinGW\bin;C:\Program Files\MATLAB\MATLAB Production Server\R2015a\runtime\win64;C:\Program Files\MATLAB\MATLAB Production Server\R2015a\bin;C:\Program Files\MATLAB\MATLAB Production Server\R2015a\polyspace\bin;C:\Program Files (x86)\IVI Foundation\VISA\WinNT\Bin;C:\Program Files (x86)\QuickTime\QTSystem;C:\Program Files (x86)\Common Files\Acronis\SnapAPI;C:\Users\Pinto\.dnx\bin;C:\Program Files\Microsoft DNX\Dnvm;C:\Program Files\Microsoft SQL Server\130\Tools\Binn;C:\Program Files (x86)\Windows Kits\8.1\Windows Performance Toolkit;C:\Program Files\RedHat\java-1.8.0-openjdk-1.8.0.151-1\bin;C:\Program Files\dotnet;C:\Program Files (x86)\Git\cmd;C:\Program Files (x86)\NVIDIA Corporation\PhysX\Common;C:\Program Files\nodejs;C:\Program Files\Microsoft VS Code\bin;C:\Program Files\MongoDB\Server\4.0\bin;C:\Users\Pinto\AppData\Local\Programs\Python\Python36-32\Scripts;C:\Users\Pinto\AppData\Local\Programs\Python\Python36-32;C:\Program Files\Microsoft VS Code\bin;C:\Program Files\Heroku\bin;C:\Program Files\nodejs;C:\Users\Pinto\AppData\Roaming\npm;C:\Program Files\MongoDB\Server\4.0\bin;C:\Program Files (x86)\Git\usr\bin\vendor_perl;C:\Program Files (x86)\Git\usr\bin\core_perl

Yarn version: 
  1.9.4

Node version: 
  8.11.3

Platform: 
  win32 x64

Trace: 
  SyntaxError: C:\Users\Pinto\Desktop\BOOTCAMP\Projects\studdy-finder\package.json: Unexpected token / in JSON at position 543
      at JSON.parse (<anonymous>)
      at C:\Users\Pinto\AppData\Roaming\npm\node_modules\yarn\lib\cli.js:1130:59
      at Generator.next (<anonymous>)
      at step (C:\Users\Pinto\AppData\Roaming\npm\node_modules\yarn\lib\cli.js:92:30)
      at C:\Users\Pinto\AppData\Roaming\npm\node_modules\yarn\lib\cli.js:103:13
      at <anonymous>

npm manifest: 
  {
    "name": "studdy-finder",
    "version": "1.0.0",
    "description": "",
    "main": "index.js",
    "dependencies": {
      "dotenv": "^6.0.0",
      "express": "^4.16.3",
      "express-session": "^1.15.6",
      "morgan": "^1.9.1",
      "mysql2": "^1.6.1",
      "passport": "^0.4.0",
      "passport-google-oauth20": "^1.0.0",
      "passport-local": "^1.0.0",
      "sequelize": "^4.39.0"
    },
    "devDependencies": {},
    "scripts": {
      "start": "if-env NODE_ENV=production && npm run start:prod || npm run start:dev",
      "start:prod": "node server.js",
      // "start:dev": "concurrently \"nodemon --ignore 'client/*'\" \"npm run client\"",
      "client": "cd client && npm run start",
      "seed": "node scripts/seedDB.js",
      "install": "cd client && yarn install",
      "build": "cd client && npm run build",
      "heroku-postbuild": "npm run build"
    },
    "repository": {
      "type": "git",
      "url": "git+https://github.com/JMatt21/studdy-finder.git"
    },
    "keywords": [],
    "author": "",
    "license": "ISC",
    "bugs": {
      "url": "https://github.com/JMatt21/studdy-finder/issues"
    },
    "homepage": "https://github.com/JMatt21/studdy-finder#readme"
  }

yarn manifest: 
  No manifest

Lockfile: 
  No lockfile
